<?xml version="1.0" encoding="UTF-8"?>
<testng-results ignored="3" total="11" passed="8" failed="0" skipped="0">
  <reporter-output>
  </reporter-output>
  <suite started-at="2025-01-30T12:34:22 IST" name="Default suite" finished-at="2025-01-30T12:35:53 IST" duration-ms="91886">
    <groups>
    </groups>
    <test started-at="2025-01-30T12:34:22 IST" name="Default test" finished-at="2025-01-30T12:35:53 IST" duration-ms="91886">
      <class name="Testpkg.Testclass">
        <test-method is-config="true" signature="open_webpage()[pri:0, instance:Testpkg.Testclass@7b2bbc3]" started-at="2025-01-30T12:34:22 IST" name="open_webpage" finished-at="2025-01-30T12:34:30 IST" duration-ms="8386" status="PASS">
          <reporter-output>
          </reporter-output>
        </test-method> <!-- open_webpage -->
        <test-method signature="Response_check()[pri:1, instance:Testpkg.Testclass@7b2bbc3]" started-at="2025-01-30T12:34:30 IST" name="Response_check" finished-at="2025-01-30T12:34:31 IST" duration-ms="1279" status="PASS">
          <reporter-output>
          </reporter-output>
        </test-method> <!-- Response_check -->
        <test-method signature="verify_handle()[pri:4, instance:Testpkg.Testclass@7b2bbc3]" started-at="2025-01-30T12:34:31 IST" name="verify_handle" finished-at="2025-01-30T12:34:32 IST" duration-ms="433" status="PASS">
          <reporter-output>
          </reporter-output>
        </test-method> <!-- verify_handle -->
        <test-method signature="verify_hover()[pri:5, instance:Testpkg.Testclass@7b2bbc3]" started-at="2025-01-30T12:34:32 IST" name="verify_hover" finished-at="2025-01-30T12:34:37 IST" duration-ms="5715" status="PASS">
          <reporter-output>
          </reporter-output>
        </test-method> <!-- verify_hover -->
        <test-method signature="verify_drag()[pri:6, instance:Testpkg.Testclass@7b2bbc3]" started-at="2025-01-30T12:34:37 IST" name="verify_drag" finished-at="2025-01-30T12:34:37 IST" duration-ms="7" status="PASS">
          <reporter-output>
          </reporter-output>
        </test-method> <!-- verify_drag -->
        <test-method signature="verify_dragdrop()[pri:8, instance:Testpkg.Testclass@7b2bbc3]" started-at="2025-01-30T12:34:37 IST" name="verify_dragdrop" finished-at="2025-01-30T12:34:51 IST" duration-ms="13568" status="PASS">
          <reporter-output>
          </reporter-output>
        </test-method> <!-- verify_dragdrop -->
        <test-method signature="verify_alert()[pri:9, instance:Testpkg.Testclass@7b2bbc3]" started-at="2025-01-30T12:34:51 IST" name="verify_alert" finished-at="2025-01-30T12:34:56 IST" duration-ms="4782" status="PASS">
          <reporter-output>
          </reporter-output>
        </test-method> <!-- verify_alert -->
        <test-method signature="verify_radio()[pri:10, instance:Testpkg.Testclass@7b2bbc3]" started-at="2025-01-30T12:34:56 IST" name="verify_radio" finished-at="2025-01-30T12:35:48 IST" duration-ms="51870" status="PASS">
          <reporter-output>
          </reporter-output>
        </test-method> <!-- verify_radio -->
        <test-method signature="Verify_date()[pri:11, instance:Testpkg.Testclass@7b2bbc3]" started-at="2025-01-30T12:35:48 IST" name="Verify_date" finished-at="2025-01-30T12:35:53 IST" duration-ms="5747" status="PASS">
          <reporter-output>
          </reporter-output>
        </test-method> <!-- Verify_date -->
      </class> <!-- Testpkg.Testclass -->
    </test> <!-- Default test -->
  </suite> <!-- Default suite -->
</testng-results>
