<?xml version="1.0" encoding="UTF-8"?>
<!-- Generated by org.testng.reporters.JUnitXMLReporter -->
<testsuite ignored="3" hostname="DESKTOP-0MOJCMH" failures="0" tests="8" name="Default test" time="91.886" errors="0" timestamp="2025-01-30T12:35:53 IST">
  <testcase classname="Testpkg.Testclass" name="Response_check" time="1.279"/>
  <testcase classname="Testpkg.Testclass" name="verify_handle" time="0.433"/>
  <testcase classname="Testpkg.Testclass" name="verify_hover" time="5.715"/>
  <testcase classname="Testpkg.Testclass" name="verify_drag" time="0.007"/>
  <testcase classname="Testpkg.Testclass" name="verify_dragdrop" time="13.568"/>
  <testcase classname="Testpkg.Testclass" name="verify_alert" time="4.782"/>
  <testcase classname="Testpkg.Testclass" name="verify_radio" time="51.87"/>
  <testcase classname="Testpkg.Testclass" name="Verify_date" time="5.747"/>
  <testcase classname="Testpkg.Testclass" name="verify_screenshot" time="0.0">
    <ignored/>
  </testcase> <!-- verify_screenshot -->
  <testcase classname="Testpkg.Testclass" name="signin" time="0.0">
    <ignored/>
  </testcase> <!-- signin -->
  <testcase classname="Testpkg.Testclass" name="signup" time="0.0">
    <ignored/>
  </testcase> <!-- signup -->
</testsuite> <!-- Default test -->
